<?xml version="1.0" encoding="UTF-8"?>
<testsuite name="com.example.myandroidapp.GreetingHelperTest" tests="1" skipped="0" failures="0" errors="0" timestamp="2025-04-08T07:29:24" hostname="CVC2426" time="0.026">
  <properties/>
  <testcase name="testGreeting" classname="com.example.myandroidapp.GreetingHelperTest" time="0.026"/>
  <system-out><![CDATA[]]></system-out>
  <system-err><![CDATA[]]></system-err>
</testsuite>
